<?xml version="1.0" encoding="UTF-8"?>
<testsuite xmlns:xsi="http://www.w3.org/2001/XMLSchema-instance" xsi:noNamespaceSchemaLocation="https://maven.apache.org/surefire/maven-surefire-plugin/xsd/surefire-test-report.xsd" name="TestSuite" time="8.095" tests="10" errors="0" skipped="1" failures="2">
  <properties>
    <property name="java.specification.version" value="17"/>
    <property name="sun.cpu.isalist" value="amd64"/>
    <property name="sun.jnu.encoding" value="GBK"/>
    <property name="java.class.path" value="D:\Work\APITest\AutoTest\AutoAPITest\target\test-classes;D:\Work\APITest\AutoTest\AutoAPITest\target\classes;C:\Users\dongdong1.zhan\.m2\repository\com\squareup\okhttp3\okhttp\4.9.3\okhttp-4.9.3.jar;C:\Users\dongdong1.zhan\.m2\repository\com\squareup\okio\okio\2.8.0\okio-2.8.0.jar;C:\Users\dongdong1.zhan\.m2\repository\org\jetbrains\kotlin\kotlin-stdlib-common\1.4.0\kotlin-stdlib-common-1.4.0.jar;C:\Users\dongdong1.zhan\.m2\repository\org\jetbrains\kotlin\kotlin-stdlib\1.4.10\kotlin-stdlib-1.4.10.jar;C:\Users\dongdong1.zhan\.m2\repository\org\jetbrains\annotations\13.0\annotations-13.0.jar;C:\Users\dongdong1.zhan\.m2\repository\org\json\json\20160810\json-20160810.jar;C:\Users\dongdong1.zhan\.m2\repository\org\testng\testng\6.10\testng-6.10.jar;C:\Users\dongdong1.zhan\.m2\repository\com\beust\jcommander\1.48\jcommander-1.48.jar;C:\Users\dongdong1.zhan\.m2\repository\com\relevantcodes\extentreports\2.41.1\extentreports-2.41.1.jar;C:\Users\dongdong1.zhan\.m2\repository\org\jsoup\jsoup\1.8.3\jsoup-1.8.3.jar;C:\Users\dongdong1.zhan\.m2\repository\org\xerial\sqlite-jdbc\3.8.11.1\sqlite-jdbc-3.8.11.1.jar;C:\Users\dongdong1.zhan\.m2\repository\org\freemarker\freemarker\2.3.23\freemarker-2.3.23.jar;C:\Users\dongdong1.zhan\.m2\repository\org\mongodb\mongodb-driver\3.0.4\mongodb-driver-3.0.4.jar;C:\Users\dongdong1.zhan\.m2\repository\org\mongodb\bson\3.0.4\bson-3.0.4.jar;C:\Users\dongdong1.zhan\.m2\repository\org\mongodb\mongodb-driver-core\3.0.4\mongodb-driver-core-3.0.4.jar;C:\Users\dongdong1.zhan\.m2\repository\com\vimalselvam\testng-extentsreport\1.3.1\testng-extentsreport-1.3.1.jar;C:\Users\dongdong1.zhan\.m2\repository\com\google\guava\guava\20.0\guava-20.0.jar;C:\Users\dongdong1.zhan\.m2\repository\com\aventstack\extentreports\3.0.6\extentreports-3.0.6.jar;C:\Users\dongdong1.zhan\.m2\repository\org\apache\httpcomponents\httpclient\4.5.2\httpclient-4.5.2.jar;C:\Users\dongdong1.zhan\.m2\repository\org\apache\httpcomponents\httpcore\4.4.4\httpcore-4.4.4.jar;C:\Users\dongdong1.zhan\.m2\repository\commons-logging\commons-logging\1.2\commons-logging-1.2.jar;C:\Users\dongdong1.zhan\.m2\repository\org\apache\httpcomponents\httpmime\4.5.2\httpmime-4.5.2.jar;C:\Users\dongdong1.zhan\.m2\repository\io\qameta\allure\allure-testng\2.6.0\allure-testng-2.6.0.jar;C:\Users\dongdong1.zhan\.m2\repository\io\qameta\allure\allure-descriptions-javadoc\2.6.0\allure-descriptions-javadoc-2.6.0.jar;C:\Users\dongdong1.zhan\.m2\repository\commons-io\commons-io\2.5\commons-io-2.5.jar;C:\Users\dongdong1.zhan\.m2\repository\io\qameta\allure\allure-java-commons\2.6.0\allure-java-commons-2.6.0.jar;C:\Users\dongdong1.zhan\.m2\repository\io\qameta\allure\allure2-model-api\1.0-BETA6\allure2-model-api-1.0-BETA6.jar;C:\Users\dongdong1.zhan\.m2\repository\io\qameta\allure\allure2-model-pojo\1.0-BETA6\allure2-model-pojo-1.0-BETA6.jar;C:\Users\dongdong1.zhan\.m2\repository\org\apache\tika\tika-core\1.14\tika-core-1.14.jar;C:\Users\dongdong1.zhan\.m2\repository\io\qameta\allure\allure2-model-jackson\1.0-BETA6\allure2-model-jackson-1.0-BETA6.jar;C:\Users\dongdong1.zhan\.m2\repository\com\fasterxml\jackson\core\jackson-databind\2.7.0\jackson-databind-2.7.0.jar;C:\Users\dongdong1.zhan\.m2\repository\com\fasterxml\jackson\core\jackson-annotations\2.7.0\jackson-annotations-2.7.0.jar;C:\Users\dongdong1.zhan\.m2\repository\com\fasterxml\jackson\core\jackson-core\2.7.0\jackson-core-2.7.0.jar;C:\Users\dongdong1.zhan\.m2\repository\com\fasterxml\jackson\module\jackson-module-jaxb-annotations\2.7.0\jackson-module-jaxb-annotations-2.7.0.jar;C:\Users\dongdong1.zhan\.m2\repository\org\apache\commons\commons-lang3\3.5\commons-lang3-3.5.jar;C:\Users\dongdong1.zhan\.m2\repository\org\aspectj\aspectjrt\1.8.10\aspectjrt-1.8.10.jar;C:\Users\dongdong1.zhan\.m2\repository\org\jooq\joor\0.9.6\joor-0.9.6.jar;C:\Users\dongdong1.zhan\.m2\repository\org\slf4j\slf4j-api\1.7.21\slf4j-api-1.7.21.jar;C:\Users\dongdong1.zhan\.m2\repository\org\aspectj\aspectjweaver\1.8.10\aspectjweaver-1.8.10.jar;C:\Users\dongdong1.zhan\.m2\repository\javax\xml\bind\jaxb-api\2.3.0\jaxb-api-2.3.0.jar;C:\Users\dongdong1.zhan\.m2\repository\org\apache\poi\poi\3.17\poi-3.17.jar;C:\Users\dongdong1.zhan\.m2\repository\commons-codec\commons-codec\1.10\commons-codec-1.10.jar;C:\Users\dongdong1.zhan\.m2\repository\org\apache\commons\commons-collections4\4.1\commons-collections4-4.1.jar;C:\Users\dongdong1.zhan\.m2\repository\org\apache\poi\poi-ooxml\3.17\poi-ooxml-3.17.jar;C:\Users\dongdong1.zhan\.m2\repository\org\apache\poi\poi-ooxml-schemas\3.17\poi-ooxml-schemas-3.17.jar;C:\Users\dongdong1.zhan\.m2\repository\org\apache\xmlbeans\xmlbeans\2.6.0\xmlbeans-2.6.0.jar;C:\Users\dongdong1.zhan\.m2\repository\stax\stax-api\1.0.1\stax-api-1.0.1.jar;C:\Users\dongdong1.zhan\.m2\repository\com\github\virtuald\curvesapi\1.04\curvesapi-1.04.jar;C:\Users\dongdong1.zhan\.m2\repository\com\alibaba\fastjson\1.2.76\fastjson-1.2.76.jar;C:\Users\dongdong1.zhan\.m2\repository\log4j\log4j\1.2.16\log4j-1.2.16.jar;C:\Users\dongdong1.zhan\.m2\repository\com\sun\mail\javax.mail\1.6.2\javax.mail-1.6.2.jar;C:\Users\dongdong1.zhan\.m2\repository\javax\activation\activation\1.1\activation-1.1.jar;"/>
    <property name="java.vm.vendor" value="Oracle Corporation"/>
    <property name="sun.arch.data.model" value="64"/>
    <property name="user.variant" value=""/>
    <property name="java.vendor.url" value="https://java.oracle.com/"/>
    <property name="user.timezone" value="Asia/Shanghai"/>
    <property name="suiteXmlFile" value="D:/Work/APITest/AutoTest/AutoAPITest/src/main/resources/testng.xml"/>
    <property name="os.name" value="Windows 10"/>
    <property name="java.vm.specification.version" value="17"/>
    <property name="sun.java.launcher" value="SUN_STANDARD"/>
    <property name="user.country" value="CN"/>
    <property name="sun.boot.library.path" value="D:\Program Files\Java\jdk-17.0.3.1\bin"/>
    <property name="sun.java.command" value="C:\Users\dongdong1.zhan\AppData\Local\Temp\surefire12086085170156630189\surefirebooter1960093484928876383.jar C:\Users\dongdong1.zhan\AppData\Local\Temp\surefire12086085170156630189 2022-08-12T15-25-28_656-jvmRun1 surefire15892992961320247178tmp surefire_074958228100327133tmp"/>
    <property name="jdk.debug" value="release"/>
    <property name="surefire.test.class.path" value="D:\Work\APITest\AutoTest\AutoAPITest\target\test-classes;D:\Work\APITest\AutoTest\AutoAPITest\target\classes;C:\Users\dongdong1.zhan\.m2\repository\com\squareup\okhttp3\okhttp\4.9.3\okhttp-4.9.3.jar;C:\Users\dongdong1.zhan\.m2\repository\com\squareup\okio\okio\2.8.0\okio-2.8.0.jar;C:\Users\dongdong1.zhan\.m2\repository\org\jetbrains\kotlin\kotlin-stdlib-common\1.4.0\kotlin-stdlib-common-1.4.0.jar;C:\Users\dongdong1.zhan\.m2\repository\org\jetbrains\kotlin\kotlin-stdlib\1.4.10\kotlin-stdlib-1.4.10.jar;C:\Users\dongdong1.zhan\.m2\repository\org\jetbrains\annotations\13.0\annotations-13.0.jar;C:\Users\dongdong1.zhan\.m2\repository\org\json\json\20160810\json-20160810.jar;C:\Users\dongdong1.zhan\.m2\repository\org\testng\testng\6.10\testng-6.10.jar;C:\Users\dongdong1.zhan\.m2\repository\com\beust\jcommander\1.48\jcommander-1.48.jar;C:\Users\dongdong1.zhan\.m2\repository\com\relevantcodes\extentreports\2.41.1\extentreports-2.41.1.jar;C:\Users\dongdong1.zhan\.m2\repository\org\jsoup\jsoup\1.8.3\jsoup-1.8.3.jar;C:\Users\dongdong1.zhan\.m2\repository\org\xerial\sqlite-jdbc\3.8.11.1\sqlite-jdbc-3.8.11.1.jar;C:\Users\dongdong1.zhan\.m2\repository\org\freemarker\freemarker\2.3.23\freemarker-2.3.23.jar;C:\Users\dongdong1.zhan\.m2\repository\org\mongodb\mongodb-driver\3.0.4\mongodb-driver-3.0.4.jar;C:\Users\dongdong1.zhan\.m2\repository\org\mongodb\bson\3.0.4\bson-3.0.4.jar;C:\Users\dongdong1.zhan\.m2\repository\org\mongodb\mongodb-driver-core\3.0.4\mongodb-driver-core-3.0.4.jar;C:\Users\dongdong1.zhan\.m2\repository\com\vimalselvam\testng-extentsreport\1.3.1\testng-extentsreport-1.3.1.jar;C:\Users\dongdong1.zhan\.m2\repository\com\google\guava\guava\20.0\guava-20.0.jar;C:\Users\dongdong1.zhan\.m2\repository\com\aventstack\extentreports\3.0.6\extentreports-3.0.6.jar;C:\Users\dongdong1.zhan\.m2\repository\org\apache\httpcomponents\httpclient\4.5.2\httpclient-4.5.2.jar;C:\Users\dongdong1.zhan\.m2\repository\org\apache\httpcomponents\httpcore\4.4.4\httpcore-4.4.4.jar;C:\Users\dongdong1.zhan\.m2\repository\commons-logging\commons-logging\1.2\commons-logging-1.2.jar;C:\Users\dongdong1.zhan\.m2\repository\org\apache\httpcomponents\httpmime\4.5.2\httpmime-4.5.2.jar;C:\Users\dongdong1.zhan\.m2\repository\io\qameta\allure\allure-testng\2.6.0\allure-testng-2.6.0.jar;C:\Users\dongdong1.zhan\.m2\repository\io\qameta\allure\allure-descriptions-javadoc\2.6.0\allure-descriptions-javadoc-2.6.0.jar;C:\Users\dongdong1.zhan\.m2\repository\commons-io\commons-io\2.5\commons-io-2.5.jar;C:\Users\dongdong1.zhan\.m2\repository\io\qameta\allure\allure-java-commons\2.6.0\allure-java-commons-2.6.0.jar;C:\Users\dongdong1.zhan\.m2\repository\io\qameta\allure\allure2-model-api\1.0-BETA6\allure2-model-api-1.0-BETA6.jar;C:\Users\dongdong1.zhan\.m2\repository\io\qameta\allure\allure2-model-pojo\1.0-BETA6\allure2-model-pojo-1.0-BETA6.jar;C:\Users\dongdong1.zhan\.m2\repository\org\apache\tika\tika-core\1.14\tika-core-1.14.jar;C:\Users\dongdong1.zhan\.m2\repository\io\qameta\allure\allure2-model-jackson\1.0-BETA6\allure2-model-jackson-1.0-BETA6.jar;C:\Users\dongdong1.zhan\.m2\repository\com\fasterxml\jackson\core\jackson-databind\2.7.0\jackson-databind-2.7.0.jar;C:\Users\dongdong1.zhan\.m2\repository\com\fasterxml\jackson\core\jackson-annotations\2.7.0\jackson-annotations-2.7.0.jar;C:\Users\dongdong1.zhan\.m2\repository\com\fasterxml\jackson\core\jackson-core\2.7.0\jackson-core-2.7.0.jar;C:\Users\dongdong1.zhan\.m2\repository\com\fasterxml\jackson\module\jackson-module-jaxb-annotations\2.7.0\jackson-module-jaxb-annotations-2.7.0.jar;C:\Users\dongdong1.zhan\.m2\repository\org\apache\commons\commons-lang3\3.5\commons-lang3-3.5.jar;C:\Users\dongdong1.zhan\.m2\repository\org\aspectj\aspectjrt\1.8.10\aspectjrt-1.8.10.jar;C:\Users\dongdong1.zhan\.m2\repository\org\jooq\joor\0.9.6\joor-0.9.6.jar;C:\Users\dongdong1.zhan\.m2\repository\org\slf4j\slf4j-api\1.7.21\slf4j-api-1.7.21.jar;C:\Users\dongdong1.zhan\.m2\repository\org\aspectj\aspectjweaver\1.8.10\aspectjweaver-1.8.10.jar;C:\Users\dongdong1.zhan\.m2\repository\javax\xml\bind\jaxb-api\2.3.0\jaxb-api-2.3.0.jar;C:\Users\dongdong1.zhan\.m2\repository\org\apache\poi\poi\3.17\poi-3.17.jar;C:\Users\dongdong1.zhan\.m2\repository\commons-codec\commons-codec\1.10\commons-codec-1.10.jar;C:\Users\dongdong1.zhan\.m2\repository\org\apache\commons\commons-collections4\4.1\commons-collections4-4.1.jar;C:\Users\dongdong1.zhan\.m2\repository\org\apache\poi\poi-ooxml\3.17\poi-ooxml-3.17.jar;C:\Users\dongdong1.zhan\.m2\repository\org\apache\poi\poi-ooxml-schemas\3.17\poi-ooxml-schemas-3.17.jar;C:\Users\dongdong1.zhan\.m2\repository\org\apache\xmlbeans\xmlbeans\2.6.0\xmlbeans-2.6.0.jar;C:\Users\dongdong1.zhan\.m2\repository\stax\stax-api\1.0.1\stax-api-1.0.1.jar;C:\Users\dongdong1.zhan\.m2\repository\com\github\virtuald\curvesapi\1.04\curvesapi-1.04.jar;C:\Users\dongdong1.zhan\.m2\repository\com\alibaba\fastjson\1.2.76\fastjson-1.2.76.jar;C:\Users\dongdong1.zhan\.m2\repository\log4j\log4j\1.2.16\log4j-1.2.16.jar;C:\Users\dongdong1.zhan\.m2\repository\com\sun\mail\javax.mail\1.6.2\javax.mail-1.6.2.jar;C:\Users\dongdong1.zhan\.m2\repository\javax\activation\activation\1.1\activation-1.1.jar;"/>
    <property name="allure.results.directory" value="D:\Work\APITest\AutoTest\AutoAPITest\target/allure-results"/>
    <property name="sun.cpu.endian" value="little"/>
    <property name="user.home" value="C:\Users\dongdong1.zhan"/>
    <property name="user.language" value="zh"/>
    <property name="java.specification.vendor" value="Oracle Corporation"/>
    <property name="java.version.date" value="2022-04-22"/>
    <property name="java.home" value="D:\Program Files\Java\jdk-17.0.3.1"/>
    <property name="file.separator" value="\"/>
    <property name="basedir" value="D:\Work\APITest\AutoTest\AutoAPITest"/>
    <property name="java.vm.compressedOopsMode" value="Zero based"/>
    <property name="line.separator" value="&#10;"/>
    <property name="java.vm.specification.vendor" value="Oracle Corporation"/>
    <property name="java.specification.name" value="Java Platform API Specification"/>
    <property name="surefire.real.class.path" value="C:\Users\dongdong1.zhan\AppData\Local\Temp\surefire12086085170156630189\surefirebooter1960093484928876383.jar"/>
    <property name="user.script" value=""/>
    <property name="sun.management.compiler" value="HotSpot 64-Bit Tiered Compilers"/>
    <property name="java.runtime.version" value="17.0.3.1+2-LTS-6"/>
    <property name="user.name" value="dongdong1.zhan"/>
    <property name="path.separator" value=";"/>
    <property name="os.version" value="10.0"/>
    <property name="java.runtime.name" value="Java(TM) SE Runtime Environment"/>
    <property name="file.encoding" value="UTF-8"/>
    <property name="java.vm.name" value="Java HotSpot(TM) 64-Bit Server VM"/>
    <property name="localRepository" value="C:\Users\dongdong1.zhan\.m2\repository"/>
    <property name="java.vendor.url.bug" value="https://bugreport.java.com/bugreport/"/>
    <property name="java.io.tmpdir" value="C:\Users\dongdong1.zhan\AppData\Local\Temp\"/>
    <property name="java.version" value="17.0.3.1"/>
    <property name="user.dir" value="D:\Work\APITest\AutoTest\AutoAPITest"/>
    <property name="os.arch" value="amd64"/>
    <property name="java.vm.specification.name" value="Java Virtual Machine Specification"/>
    <property name="sun.os.patch.level" value=""/>
    <property name="native.encoding" value="GBK"/>
    <property name="java.library.path" value="D:\Program Files\Java\jdk-17.0.3.1\bin;C:\Windows\Sun\Java\bin;C:\Windows\system32;C:\Windows;C:\Program Files\Common Files\Oracle\Java\javapath;C:\Windows\system32;C:\Windows;C:\Windows\System32\Wbem;C:\Windows\System32\WindowsPowerShell\v1.0\;C:\Windows\System32\OpenSSH\;D:\Program Files\nodejs\;D:\Program Files\nodejs;D:\Program Files\Git\cmd;D:\Program Files\Java\jdk-17.0.3.1\bin;D:\Program Files\Java\jdk-17.0.3.1\jre\bin;D:\Programs\Python\Python310;D:\Programs\Python\Python310\Scripts;D:\Programs\apache-maven-3.8.6\bin;D:\Programs\allure-2.18.1\bin;D:\Programs\apache-jmeter-5.5\bin;C:\Users\dongdong1.zhan\AppData\Local\Microsoft\WindowsApps;C:\Users\dongdong1.zhan\AppData\Roaming\npm;D:\Program Files\nodejs\node_global;D:\Users\dongdong1.zhan\AppData\Local\Programs\Microsoft VS Code\bin;;."/>
    <property name="java.vm.info" value="mixed mode, sharing"/>
    <property name="java.vendor" value="Oracle Corporation"/>
    <property name="java.vm.version" value="17.0.3.1+2-LTS-6"/>
    <property name="sun.io.unicode.encoding" value="UnicodeLittle"/>
    <property name="java.class.version" value="61.0"/>
  </properties>
  <testcase name="checkMapNotNull" classname="testcase.TestDemo" time="1.047"/>
  <testcase name="test" classname="testcase.TestDemo" time="0.002"/>
  <testcase name="test" classname="testcase.TestDemo" time="0.001"/>
  <testcase name="test" classname="testcase.TestDemo" time="0.001"/>
  <testcase name="test1" classname="testcase.TestDemo" time="0.017">
    <failure message="expected [2] but found [1]" type="java.lang.AssertionError">java.lang.AssertionError: expected [2] but found [1]
	at testcase.TestDemo.test1(TestDemo.java:21)
</failure>
    <system-out><![CDATA[test1 Begin!
]]></system-out>
  </testcase>
  <testcase name="testHttpGet" classname="testcase.TestDemo" time="0.594"/>
  <testcase name="testHttpPost" classname="testcase.TestDemo" time="0.054"/>
  <testcase name="testHttpPostMap" classname="testcase.TestDemo" time="0.045"/>
  <testcase name="testTimeOut" classname="testcase.TestDemo" time="2.97">
    <failure message="Method testcase.TestDemo.testTimeOut() didn&apos;t finish within the time-out 3000" type="org.testng.internal.thread.ThreadTimeoutException">org.testng.internal.thread.ThreadTimeoutException: Method testcase.TestDemo.testTimeOut() didn't finish within the time-out 3000
	at app//testcase.TestDemo.testTimeOut(TestDemo.java:132)
</failure>
    <system-out><![CDATA[java.lang.InterruptedException: sleep interrupted
]]></system-out>
  </testcase>
  <testcase name="testFileUtils" classname="testcase.TestFileUtil" time="0">
    <skipped message="Method TestFileUtil.testFileUtils()[pri:0, instance:testcase.TestFileUtil@7f34a967] depends on not successfully finished methods in group &quot;TestDemo&quot;"/>
  </testcase>
</testsuite>