<?xml version="1.0" encoding="UTF-8"?>
<!-- Generated by org.testng.reporters.JUnitReportReporter -->
<testsuite ignored="1" hostname="SZ-00343555-01" failures="0" tests="1" name="testcase.TestFileUtil" time="0.000" errors="0" timestamp="12 Aug 2022 08:42:02 GMT" skipped="1">
  <testcase classname="testcase.TestFileUtil" name="testFileUtils" time="0.000">
    <skipped/>
  </testcase> <!-- testFileUtils -->
  <testcase classname="testcase.TestDemo" name="testOkHttpGet">
    <skipped/>
  </testcase> <!-- testOkHttpGet -->
</testsuite> <!-- testcase.TestFileUtil -->
